<?xml version="1.0" encoding="UTF-8" ?>
<testsuite failures="0" time="0.023" errors="0" skipped="0" tests="1" name="com.otomato.test.AppTest">
  <properties>
    <property name="java.runtime.name" value="Java(TM) SE Runtime Environment"/>
    <property name="sun.boot.library.path" value="C:\Program Files\Java\jdk1.6.0_25\jre\bin"/>
    <property name="java.vm.version" value="20.0-b11"/>
    <property name="java.vm.vendor" value="Sun Microsystems Inc."/>
    <property name="java.vendor.url" value="http://java.sun.com/"/>
    <property name="path.separator" value=";"/>
    <property name="guice.disable.misplaced.annotation.check" value="true"/>
    <property name="java.vm.name" value="Java HotSpot(TM) Client VM"/>
    <property name="file.encoding.pkg" value="sun.io"/>
    <property name="user.country" value="IL"/>
    <property name="sun.java.launcher" value="SUN_STANDARD"/>
    <property name="sun.os.patch.level" value="Service Pack 1"/>
    <property name="java.vm.specification.name" value="Java Virtual Machine Specification"/>
    <property name="user.dir" value="C:\Dev\maven\workshop\plugintest"/>
    <property name="java.runtime.version" value="1.6.0_25-b06"/>
    <property name="java.awt.graphicsenv" value="sun.awt.Win32GraphicsEnvironment"/>
    <property name="java.endorsed.dirs" value="C:\Program Files\Java\jdk1.6.0_25\jre\lib\endorsed"/>
    <property name="os.arch" value="x86"/>
    <property name="java.io.tmpdir" value="C:\Users\aweiss\AppData\Local\Temp\"/>
    <property name="line.separator" value="
"/>
    <property name="java.vm.specification.vendor" value="Sun Microsystems Inc."/>
    <property name="user.variant" value=""/>
    <property name="os.name" value="Windows 7"/>
    <property name="classworlds.conf" value="c:\maven\bin\..\bin\m2.conf"/>
    <property name="sun.jnu.encoding" value="Cp1255"/>
    <property name="java.library.path" value="C:\Program Files\Java\jdk1.6.0_25\bin;.;C:\Windows\Sun\Java\bin;C:\Windows\system32;C:\Windows;C:\Program Files\IBM\RationalSDLC\common;C:\senchacmd\Sencha\Cmd\3.0.0.250;C:\Ruby\bin;C:\Program Files\PC Connectivity Solution\;C:\Program Files\Common Files\Microsoft Shared\Windows Live;C:\Perl\site\bin;C:\Perl\bin;C:\Windows\system32;C:\Windows;C:\Windows\System32\Wbem;C:\Windows\System32\WindowsPowerShell\v1.0\;C:\Program Files\Microsoft SQL Server\100\Tools\Binn\;C:\Program Files\Microsoft SQL Server\100\DTS\Binn\;C:\Program Files\Windows Live\Shared;c:\Program Files\Android\android-sdk\platform-tools;C:\Program Files\TortoiseSVN\bin;C:\Program Files\IBM\RationalSDLC\ClearCase\bin;C:\Program Files\IBM\gsk8\lib;C:\Program Files\IBM\gsk8\bin;C:\Program Files\Git\cmd;C:\Program Files\sbt\\bin;C:\Python27;C:\Python27\scripts;C:\Program Files\OpenVPN\bin;C:\Program Files\Google\google_appengine\;&quot;C:\Program Files\VMware\VMware vSphere CLI\perl\bin&quot;;&quot;C:\Program Files\VMware\VMware vSphere CLI\bin&quot;"/>
    <property name="java.specification.name" value="Java Platform API Specification"/>
    <property name="java.class.version" value="50.0"/>
    <property name="sun.management.compiler" value="HotSpot Client Compiler"/>
    <property name="os.version" value="6.1"/>
    <property name="user.home" value="C:\Users\aweiss"/>
    <property name="user.timezone" value="Asia/Jerusalem"/>
    <property name="java.awt.printerjob" value="sun.awt.windows.WPrinterJob"/>
    <property name="file.encoding" value="Cp1255"/>
    <property name="java.specification.version" value="1.6"/>
    <property name="user.name" value="aweiss"/>
    <property name="java.class.path" value="c:\maven\bin\..\boot\plexus-classworlds-2.4.jar"/>
    <property name="java.vm.specification.version" value="1.0"/>
    <property name="sun.arch.data.model" value="32"/>
    <property name="java.home" value="C:\Program Files\Java\jdk1.6.0_25\jre"/>
    <property name="sun.java.command" value="org.codehaus.plexus.classworlds.launcher.Launcher clean package"/>
    <property name="java.specification.vendor" value="Sun Microsystems Inc."/>
    <property name="user.language" value="iw"/>
    <property name="awt.toolkit" value="sun.awt.windows.WToolkit"/>
    <property name="java.vm.info" value="mixed mode, sharing"/>
    <property name="java.version" value="1.6.0_25"/>
    <property name="java.ext.dirs" value="C:\Program Files\Java\jdk1.6.0_25\jre\lib\ext;C:\Windows\Sun\Java\lib\ext"/>
    <property name="sun.boot.class.path" value="C:\Program Files\Java\jdk1.6.0_25\jre\lib\resources.jar;C:\Program Files\Java\jdk1.6.0_25\jre\lib\rt.jar;C:\Program Files\Java\jdk1.6.0_25\jre\lib\sunrsasign.jar;C:\Program Files\Java\jdk1.6.0_25\jre\lib\jsse.jar;C:\Program Files\Java\jdk1.6.0_25\jre\lib\jce.jar;C:\Program Files\Java\jdk1.6.0_25\jre\lib\charsets.jar;C:\Program Files\Java\jdk1.6.0_25\jre\lib\modules\jdk.boot.jar;C:\Program Files\Java\jdk1.6.0_25\jre\classes"/>
    <property name="java.vendor" value="Sun Microsystems Inc."/>
    <property name="maven.home" value="c:\maven\bin\.."/>
    <property name="file.separator" value="\"/>
    <property name="java.vendor.url.bug" value="http://java.sun.com/cgi-bin/bugreport.cgi"/>
    <property name="sun.cpu.endian" value="little"/>
    <property name="sun.io.unicode.encoding" value="UnicodeLittle"/>
    <property name="sun.desktop" value="windows"/>
    <property name="sun.cpu.isalist" value="pentium_pro+mmx pentium_pro pentium+mmx pentium i486 i386 i86"/>
  </properties>
  <testcase time="0.001" classname="com.otomato.test.AppTest" name="testApp"/>
</testsuite>